<?xml version="1.0" encoding="UTF-8"?>
<TestRun id="791fe1a0-bac7-4298-93f1-2c2fb4c879fc" name="cosmic-life@COSMIC-LIFE-PC 2015-03-18 23:45:08" runUser="cosmic-life-PC\cosmic-life" xmlns="http://microsoft.com/schemas/VisualStudio/TeamTest/2010">
  <TestSettings name="本地" id="44532f4e-1cb5-4e58-a46d-13fb323a7ed8">
    <Description>这些设置为本地测试运行的默认测试设置。</Description>
    <Deployment enabled="false" runDeploymentRoot="cosmic-life_COSMIC-LIFE-PC 2015-03-18 23_45_08" />
    <Execution>
      <TestTypeSpecific />
      <AgentRule name="Execution Agents">
      </AgentRule>
    </Execution>
  </TestSettings>
  <Times creation="2015-03-18T23:45:08.2161433+08:00" queuing="2015-03-18T23:45:22.7437689+08:00" start="2015-03-18T23:45:25.5361737+08:00" finish="2015-03-18T23:45:43.8334064+08:00" />
  <ResultSummary outcome="Completed">
    <Counters total="1" executed="1" passed="1" error="0" failed="0" timeout="0" aborted="0" inconclusive="0" passedButRunAborted="0" notRunnable="0" notExecuted="0" disconnected="0" warning="0" completed="0" inProgress="0" pending="0" />
  </ResultSummary>
  <TestDefinitions>
    <GenericTest name="GenericTest1" storage="e:\phantomgameengine\phantomengine3d\allgames\win32base\testproject1\generictest1.generictest" id="ff59e52d-11c9-4381-9853-0ba78327bdaa">
      <Execution id="f8dc6b7a-85a8-4ef1-80b6-95092d068089" />
      <Command filename="E:\PhantomGameEngine\PhantomEngine3D\AllGames\PhantomSimulator.exe" workingDirectory="%TestOutputDirectory%" />
      <SummaryXmlFile path="%TestOutputDirectory%\&lt;在此输入摘要文件名&gt;" />
    </GenericTest>
  </TestDefinitions>
  <TestLists>
    <TestList name="列表中未列出的结果" id="8c84fa94-04c1-424b-9868-57a2d4851a1d" />
    <TestList name="所有已加载的结果" id="19431567-8539-422a-85d7-44ee4e166bda" />
  </TestLists>
  <TestEntries>
    <TestEntry testId="ff59e52d-11c9-4381-9853-0ba78327bdaa" executionId="f8dc6b7a-85a8-4ef1-80b6-95092d068089" testListId="8c84fa94-04c1-424b-9868-57a2d4851a1d" />
  </TestEntries>
  <Results>
    <GenericTestResult relativeTestOutputDirectory="f8dc6b7a-85a8-4ef1-80b6-95092d068089\COSMIC-LIFE-PC" executionId="f8dc6b7a-85a8-4ef1-80b6-95092d068089" testId="ff59e52d-11c9-4381-9853-0ba78327bdaa" testName="GenericTest1" computerName="COSMIC-LIFE-PC" duration="00:00:16.0462216" startTime="2015-03-18T23:45:26.1289748+08:00" endTime="2015-03-18T23:45:43.7242062+08:00" testType="982b8c01-1a8a-48f5-b98a-67ee64bc8687" outcome="Passed" testListId="8c84fa94-04c1-424b-9868-57a2d4851a1d" relativeResultsDirectory="f8dc6b7a-85a8-4ef1-80b6-95092d068089">
    </GenericTestResult>
  </Results>
</TestRun>